2020-08-20 01:00:29,925 > INFO > 
 ==> Starting WEB server ...

2020-08-20 01:00:30,773 > INFO > 
 ==> Starting WEB server ...

2020-08-20 01:01:18,261 > INFO > 
 ==> Starting WEB server ...

2020-08-20 01:02:34,703 > INFO > 
 ==> Starting WEB server ...

2020-08-20 01:03:01,624 > INFO > 
 ==> Starting WEB server ...

2020-08-20 01:03:13,347 > INFO > 
 ==> Starting WEB server ...

2020-08-20 01:03:14,253 > INFO > 
 ==> Starting WEB server ...

2020-08-20 01:07:22,725 > INFO > 
 ==> Starting WEB server ...

2020-08-20 01:07:28,034 > INFO > 
 ==> Starting WEB server ...

2020-08-20 01:08:08,265 > INFO > 
 ==> Starting WEB server ...

2020-08-20 01:12:54,339 > INFO > 
 ==> Starting WEB server ...

2020-08-20 01:12:55,147 > INFO > 
 ==> Starting WEB server ...

2020-08-20 01:31:45,275 > INFO > 
 ==> Starting WEB server ...

2020-08-20 21:05:39,630 > INFO > 
 ==> Starting WEB server ...

2020-08-20 21:05:40,508 > INFO > 
 ==> Starting WEB server ...

2020-08-24 22:30:26,815 > INFO > 
 ==> Starting WEB server ...

2020-08-24 22:30:27,544 > INFO > 
 ==> Starting WEB server ...

2020-08-25 21:53:34,304 > INFO > 
 ==> Starting WEB server ...

2020-08-25 21:53:35,065 > INFO > 
 ==> Starting WEB server ...

2020-08-26 20:42:20,915 > INFO > 
 ==> Starting WEB server ...

2020-08-26 20:42:22,017 > INFO > 
 ==> Starting WEB server ...

2020-08-28 22:10:56,910 > INFO > 
 ==> Starting WEB server ...

2020-08-28 22:10:57,831 > INFO > 
 ==> Starting WEB server ...

2020-08-28 23:45:00,241 > INFO > 
 ==> Starting WEB server ...

2020-08-28 23:45:01,045 > INFO > 
 ==> Starting WEB server ...

2020-08-29 17:07:47,600 > INFO > 
 ==> Starting WEB server ...

2020-08-29 17:07:48,393 > INFO > 
 ==> Starting WEB server ...

2020-08-30 10:53:30,107 > INFO > 
 ==> Starting WEB server ...

2020-08-30 10:53:30,776 > INFO > 
 ==> Starting WEB server ...

2020-08-31 06:25:40,787 > INFO > 
 ==> Starting WEB server ...

2020-08-31 06:25:41,750 > INFO > 
 ==> Starting WEB server ...

2020-09-01 09:21:52,547 > INFO > 
 ==> Starting WEB server ...

2020-09-01 09:21:53,259 > INFO > 
 ==> Starting WEB server ...

2020-09-02 15:37:32,059 > INFO > 
 ==> Starting WEB server ...

2020-09-02 15:37:32,921 > INFO > 
 ==> Starting WEB server ...

2020-09-03 06:16:58,041 > INFO > 
 ==> Starting WEB server ...

2020-09-03 06:16:58,866 > INFO > 
 ==> Starting WEB server ...

2020-09-03 16:42:29,968 > INFO > 
 ==> Starting WEB server ...

2020-09-03 18:24:58,296 > INFO > 
 ==> Starting WEB server ...

2020-09-03 18:25:31,242 > INFO > 
 ==> Starting WEB server ...

2020-09-03 18:25:31,246 > INFO > Starting main model
2020-09-03 18:25:33,477 > INFO > 
 ==> Starting WEB server ...

2020-09-03 18:25:33,482 > INFO > Starting main model
2020-09-03 18:25:46,851 > INFO > 
 ==> Starting WEB server ...

2020-09-03 18:25:46,859 > INFO > Starting main model
2020-09-05 12:30:48,459 > INFO > 
 ==> Starting WEB server ...

2020-09-05 12:31:37,845 > INFO > 
 ==> Starting WEB server ...

2020-09-05 12:31:37,849 > INFO > Starting main model
2020-09-05 12:31:39,721 > INFO > 
 ==> Starting WEB server ...

2020-09-05 12:31:39,726 > INFO > Starting main model
2020-09-05 12:33:33,275 > ERROR > read_config
Traceback (most recent call last):
  File "D:\scripts\GIT\Aruba_Controller_upgrade\web_server.py", line 89, in manage_file
    check_file = os.path.join(app.config['CONF_FILES'],config_name)
NameError: name 'config_name' is not defined
2020-09-05 12:34:15,980 > INFO > 
 ==> Starting WEB server ...

2020-09-05 12:34:15,985 > INFO > Starting main model
2020-09-05 12:34:42,505 > INFO > 
 ==> Starting WEB server ...

2020-09-05 12:34:42,509 > INFO > Starting main model
2020-09-05 12:35:12,410 > INFO > 
 ==> Starting WEB server ...

2020-09-05 12:35:12,415 > INFO > Starting main model
2020-09-05 12:36:37,871 > INFO > 
 ==> Starting WEB server ...

2020-09-05 12:36:37,875 > INFO > Starting main model
2020-09-05 12:37:07,686 > INFO > 
 ==> Starting WEB server ...

2020-09-05 12:37:07,690 > INFO > Starting main model
2020-09-05 12:37:41,946 > INFO > 
 ==> Starting WEB server ...

2020-09-05 12:37:41,950 > INFO > Starting main model
2020-09-05 12:38:54,136 > INFO > 
 ==> Starting WEB server ...

2020-09-05 12:38:54,140 > INFO > Starting main model
2020-09-05 12:38:59,525 > INFO > 
 ==> Starting WEB server ...

2020-09-05 12:38:59,530 > INFO > Starting main model
2020-09-05 12:39:09,433 > INFO > 
 ==> Starting WEB server ...

2020-09-05 12:39:09,441 > INFO > Starting main model
2020-09-05 12:40:01,797 > INFO > 
 ==> Starting WEB server ...

2020-09-05 12:40:01,807 > INFO > Starting main model
2020-09-05 12:40:24,049 > INFO > 
 ==> Starting WEB server ...

2020-09-05 12:40:24,053 > INFO > Starting main model
2020-09-05 12:41:41,713 > INFO > 
 ==> Starting WEB server ...

2020-09-05 12:41:41,717 > INFO > Starting main model
2020-09-05 12:42:52,876 > INFO > 
 ==> Starting WEB server ...

2020-09-05 12:42:52,881 > INFO > Starting main model
2020-09-05 12:44:53,988 > INFO > 
 ==> Starting WEB server ...

2020-09-05 12:44:53,992 > INFO > Starting main model
2020-09-05 12:45:08,287 > INFO > 
 ==> Starting WEB server ...

2020-09-05 12:45:08,292 > INFO > Starting main model
2020-09-05 12:45:10,614 > ERROR > read_config
Traceback (most recent call last):
  File "D:\scripts\GIT\Aruba_Controller_upgrade\web_server.py", line 128, in read_config
    config = os.open(check_file).read()
TypeError: open() missing required argument 'flags' (pos 2)
2020-09-05 12:45:43,768 > INFO > 
 ==> Starting WEB server ...

2020-09-05 12:45:43,773 > INFO > Starting main model
2020-09-05 12:45:50,505 > ERROR > read_config
Traceback (most recent call last):
  File "D:\scripts\GIT\Aruba_Controller_upgrade\web_server.py", line 128, in read_config
    config = os.open(check_file,"r").read()
TypeError: an integer is required (got type str)
2020-09-05 12:46:22,766 > INFO > 
 ==> Starting WEB server ...

2020-09-05 12:46:22,770 > INFO > Starting main model
2020-09-05 12:47:21,487 > INFO > 
 ==> Starting WEB server ...

2020-09-05 12:47:21,491 > INFO > Starting main model
2020-09-05 12:47:52,588 > INFO > 
 ==> Starting WEB server ...

2020-09-05 12:47:52,592 > INFO > Starting main model
2020-09-05 12:48:20,300 > INFO > 
 ==> Starting WEB server ...

2020-09-05 12:48:20,305 > INFO > Starting main model
2020-09-05 12:48:24,703 > ERROR > read_config
Traceback (most recent call last):
  File "D:\scripts\GIT\Aruba_Controller_upgrade\web_server.py", line 128, in read_config
    config = os.open(check_file,"rb").read()
TypeError: an integer is required (got type str)
2020-09-05 12:49:01,366 > INFO > 
 ==> Starting WEB server ...

2020-09-05 12:49:01,371 > INFO > Starting main model
2020-09-05 12:49:03,054 > ERROR > read_config
Traceback (most recent call last):
  File "D:\scripts\GIT\Aruba_Controller_upgrade\web_server.py", line 129, in read_config
    config = os.open(check_file,"rb").read()
TypeError: an integer is required (got type str)
2020-09-05 12:50:26,081 > INFO > 
 ==> Starting WEB server ...

2020-09-05 12:50:26,086 > INFO > Starting main model
2020-09-05 12:51:14,821 > INFO > 
 ==> Starting WEB server ...

2020-09-05 12:51:14,825 > INFO > Starting main model
2020-09-05 12:57:46,559 > INFO > 
 ==> Starting WEB server ...

2020-09-05 12:57:46,564 > INFO > Starting main model
2020-09-05 12:57:48,284 > INFO > 
 ==> Starting WEB server ...

2020-09-05 12:57:48,289 > INFO > Starting main model
2020-09-05 13:30:51,671 > ERROR > read_config
Traceback (most recent call last):
  File "D:\scripts\GIT\Aruba_Controller_upgrade\web_server.py", line 124, in read_config
    check_file = os.path.join(app.config['CONF_FILES'],config_name)
  File "d:\scripts\py\lib\ntpath.py", line 115, in join
    genericpath._check_arg_types('join', path, *paths)
  File "d:\scripts\py\lib\genericpath.py", line 149, in _check_arg_types
    (funcname, s.__class__.__name__)) from None
TypeError: join() argument must be str or bytes, not 'NoneType'
2020-09-05 13:33:02,058 > INFO > 
 ==> Starting WEB server ...

2020-09-05 13:33:02,063 > INFO > Starting main model
2020-09-05 13:33:03,782 > INFO > 
 ==> Starting WEB server ...

2020-09-05 13:33:03,787 > INFO > Starting main model
