2020-09-08 07:32:18,884 > INFO > 
 ==> Starting WEB server ...

2020-09-08 07:32:38,479 > INFO > 
 ==> Starting WEB server ...

2020-09-08 07:32:40,621 > INFO > 
 ==> Starting WEB server ...

2020-09-08 07:33:26,001 > INFO > 
 ==> Starting WEB server ...

2020-09-08 07:35:35,326 > INFO > 
 ==> Starting WEB server ...

2020-09-08 07:36:10,800 > INFO > 
 ==> Starting WEB server ...

2020-09-08 07:36:16,239 > INFO > 
 ==> Starting WEB server ...

2020-09-08 07:36:22,796 > INFO > 
 ==> Starting WEB server ...

2020-09-08 07:39:10,428 > INFO > 
 ==> Starting WEB server ...

2020-09-08 07:39:12,388 > INFO > 
 ==> Starting WEB server ...

2020-09-08 08:10:51,606 > INFO > 
 ==> Starting WEB server ...

2020-09-08 08:10:55,154 > INFO > 
 ==> Starting WEB server ...

2020-09-08 08:11:37,420 > INFO > 
 ==> Starting WEB server ...

2020-09-08 08:11:39,351 > INFO > 
 ==> Starting WEB server ...

2020-09-08 08:15:50,669 > INFO > 
 ==> Starting WEB server ...

2020-09-08 08:16:29,559 > INFO > 
 ==> Starting WEB server ...

2020-09-08 08:16:31,614 > INFO > 
 ==> Starting WEB server ...

2020-09-08 08:17:54,156 > INFO > 
 ==> Starting WEB server ...

2020-09-08 09:06:41,946 > INFO > 
 ==> Starting WEB server ...

2020-09-08 10:04:19,030 > INFO > 
 ==> Starting WEB server ...

2020-09-08 10:04:30,081 > INFO > 
 ==> Starting WEB server ...

2020-09-08 10:25:49,611 > INFO > 
 ==> Starting WEB server ...

2020-09-08 10:26:23,149 > INFO > 
 ==> Starting WEB server ...

2020-09-08 10:26:32,618 > INFO > 
 ==> Starting WEB server ...

2020-09-08 10:26:53,197 > INFO > 
 ==> Starting WEB server ...

2020-09-08 10:31:30,232 > INFO > 
 ==> Starting WEB server ...

2020-09-08 10:31:32,143 > INFO > 
 ==> Starting WEB server ...

2020-09-08 10:31:51,961 > ERROR > get_all_job
Traceback (most recent call last):
  File "D:\scripts\GIT\Aruba_Controller_upgrade\web_server.py", line 167, in get_all_job
    last_job = db_management.get_all_job(history_db)
AttributeError: module 'db_management' has no attribute 'get_all_job'
2020-09-08 10:32:06,958 > INFO > 
 ==> Starting WEB server ...

2020-09-08 10:32:18,255 > INFO > 
 ==> Starting WEB server ...

2020-09-08 10:32:28,821 > INFO > 
 ==> Starting WEB server ...

2020-09-08 10:32:30,009 > ERROR > get_all_job
Traceback (most recent call last):
  File "D:\scripts\GIT\Aruba_Controller_upgrade\web_server.py", line 167, in get_all_job
    last_job = db_management.get_all_job(history_db)
AttributeError: module 'db_management' has no attribute 'get_all_job'
2020-09-08 10:33:47,988 > INFO > 
 ==> Starting WEB server ...

2020-09-08 10:33:55,698 > ERROR > get_all_job
Traceback (most recent call last):
  File "D:\scripts\GIT\Aruba_Controller_upgrade\web_server.py", line 167, in get_all_job
    last_job = db_management.get_all_job(history_db)
AttributeError: module 'db_management' has no attribute 'get_all_job'
2020-09-08 10:34:17,743 > INFO > 
 ==> Starting WEB server ...

2020-09-08 10:34:31,953 > INFO > 
 ==> Starting WEB server ...

